Determining if the pthread_create exist failed with the following output:
Change Dir: /home/orange/Project/source/slambook/ch8/LKFlow/build/CMakeFiles/CMakeTmp

Run Build Command:"/usr/bin/make" "cmTC_813dd/fast"
/usr/bin/make -f CMakeFiles/cmTC_813dd.dir/build.make CMakeFiles/cmTC_813dd.dir/build
make[1]: Entering directory '/home/orange/Project/source/slambook/ch8/LKFlow/build/CMakeFiles/CMakeTmp'
Building C object CMakeFiles/cmTC_813dd.dir/CheckSymbolExists.c.o
/usr/bin/cc    -fPIC    -o CMakeFiles/cmTC_813dd.dir/CheckSymbolExists.c.o   -c /home/orange/Project/source/slambook/ch8/LKFlow/build/CMakeFiles/CMakeTmp/CheckSymbolExists.c
Linking C executable cmTC_813dd
/usr/bin/cmake -E cmake_link_script CMakeFiles/cmTC_813dd.dir/link.txt --verbose=1
/usr/bin/cc  -fPIC     CMakeFiles/cmTC_813dd.dir/CheckSymbolExists.c.o  -o cmTC_813dd -rdynamic 
CMakeFiles/cmTC_813dd.dir/CheckSymbolExists.c.o: In function `main':
CheckSymbolExists.c:(.text+0x1b): undefined reference to `pthread_create'
collect2: error: ld returned 1 exit status
CMakeFiles/cmTC_813dd.dir/build.make:97: recipe for target 'cmTC_813dd' failed
make[1]: *** [cmTC_813dd] Error 1
make[1]: Leaving directory '/home/orange/Project/source/slambook/ch8/LKFlow/build/CMakeFiles/CMakeTmp'
Makefile:126: recipe for target 'cmTC_813dd/fast' failed
make: *** [cmTC_813dd/fast] Error 2

File /home/orange/Project/source/slambook/ch8/LKFlow/build/CMakeFiles/CMakeTmp/CheckSymbolExists.c:
/* */
#include <pthread.h>

int main(int argc, char** argv)
{
  (void)argv;
#ifndef pthread_create
  return ((int*)(&pthread_create))[argc];
#else
  (void)argc;
  return 0;
#endif
}

Determining if the function pthread_create exists in the pthreads failed with the following output:
Change Dir: /home/orange/Project/source/slambook/ch8/LKFlow/build/CMakeFiles/CMakeTmp

Run Build Command:"/usr/bin/make" "cmTC_28b03/fast"
/usr/bin/make -f CMakeFiles/cmTC_28b03.dir/build.make CMakeFiles/cmTC_28b03.dir/build
make[1]: Entering directory '/home/orange/Project/source/slambook/ch8/LKFlow/build/CMakeFiles/CMakeTmp'
Building C object CMakeFiles/cmTC_28b03.dir/CheckFunctionExists.c.o
/usr/bin/cc    -fPIC -DCHECK_FUNCTION_EXISTS=pthread_create   -o CMakeFiles/cmTC_28b03.dir/CheckFunctionExists.c.o   -c /usr/share/cmake-3.5/Modules/CheckFunctionExists.c
Linking C executable cmTC_28b03
/usr/bin/cmake -E cmake_link_script CMakeFiles/cmTC_28b03.dir/link.txt --verbose=1
/usr/bin/cc  -fPIC -DCHECK_FUNCTION_EXISTS=pthread_create    CMakeFiles/cmTC_28b03.dir/CheckFunctionExists.c.o  -o cmTC_28b03 -rdynamic -lpthreads 
/usr/bin/ld: cannot find -lpthreads
collect2: error: ld returned 1 exit status
CMakeFiles/cmTC_28b03.dir/build.make:97: recipe for target 'cmTC_28b03' failed
make[1]: *** [cmTC_28b03] Error 1
make[1]: Leaving directory '/home/orange/Project/source/slambook/ch8/LKFlow/build/CMakeFiles/CMakeTmp'
Makefile:126: recipe for target 'cmTC_28b03/fast' failed
make: *** [cmTC_28b03/fast] Error 2


